<?xml version="1.0" encoding="UTF-8"?>
<testng-results ignored="0" total="1" passed="1" failed="0" skipped="0">
  <reporter-output>
    <line>
      <![CDATA[Login successfull]]>
    </line>
    <line>
      <![CDATA[The Users profile Url is https://wallethub.com/profile/68504035i]]>
    </line>
  </reporter-output>
  <suite started-at="2022-05-27T03:09:48 IST" name="Default suite" finished-at="2022-05-27T03:10:22 IST" duration-ms="34147">
    <groups>
    </groups>
    <test started-at="2022-05-27T03:09:48 IST" name="Default test" finished-at="2022-05-27T03:10:22 IST" duration-ms="34147">
      <class name="com.testproject.ProjectReviewCompany">
        <test-method is-config="true" signature="setUp()[pri:0, instance:com.testproject.ProjectReviewCompany@662b4c69]" started-at="2022-05-27T03:09:48 IST" name="setUp" finished-at="2022-05-27T03:09:52 IST" duration-ms="4466" status="PASS">
          <reporter-output>
          </reporter-output>
        </test-method> <!-- setUp -->
        <test-method signature="login()[pri:0, instance:com.testproject.ProjectReviewCompany@662b4c69]" started-at="2022-05-27T03:09:52 IST" name="login" finished-at="2022-05-27T03:10:21 IST" duration-ms="29006" status="PASS">
          <reporter-output>
            <line>
              <![CDATA[Login successfull]]>
            </line>
            <line>
              <![CDATA[The Users profile Url is https://wallethub.com/profile/68504035i]]>
            </line>
          </reporter-output>
        </test-method> <!-- login -->
        <test-method is-config="true" signature="tearDown()[pri:0, instance:com.testproject.ProjectReviewCompany@662b4c69]" started-at="2022-05-27T03:10:21 IST" name="tearDown" finished-at="2022-05-27T03:10:22 IST" duration-ms="488" status="PASS">
          <reporter-output>
          </reporter-output>
        </test-method> <!-- tearDown -->
      </class> <!-- com.testproject.ProjectReviewCompany -->
    </test> <!-- Default test -->
  </suite> <!-- Default suite -->
</testng-results>
